<?xml version="1.0" encoding="UTF-8"?>
<!-- Generated by org.testng.reporters.JUnitReportReporter -->
<testsuite hostname="DESKTOP-GE4QGGA" failures="0" tests="7" name="selenium_TestNG.TestNG_groups" time="0.049" errors="0" timestamp="2024-06-19T22:10:01 IST" skipped="0">
  <testcase classname="selenium_TestNG.TestNG_groups" name="test2" time="0.006"/>
  <system-out/>
  <testcase classname="selenium_TestNG.TestNG_groups" name="test3" time="0.004"/>
  <system-out/>
  <testcase classname="selenium_TestNG.TestNG_groups" name="test6" time="0.006"/>
  <system-out/>
  <testcase classname="selenium_TestNG.TestNG_groups" name="test4" time="0.006"/>
  <system-out/>
  <testcase classname="selenium_TestNG.TestNG_groups" name="test1" time="0.005"/>
  <system-out/>
  <testcase classname="selenium_TestNG.TestNG_groups" name="test" time="0.020"/>
  <system-out/>
  <testcase classname="selenium_TestNG.TestNG_groups" name="test5" time="0.002"/>
  <system-out/>
</testsuite> <!-- selenium_TestNG.TestNG_groups -->
