<?xml version="1.0" encoding="UTF-8"?>
<!-- Generated by org.testng.reporters.JUnitReportReporter -->
<testsuite hostname="DESKTOP-GE4QGGA" failures="0" tests="3" name="selenium_module_3.Assignment1" time="26.497" errors="0" timestamp="2024-07-02T10:06:46 IST" skipped="0">
  <testcase classname="selenium_module_3.Assignment1" name="login" time="7.897"/>
  <system-out/>
  <testcase classname="selenium_module_3.Assignment1" name="login" time="11.583"/>
  <system-out/>
  <testcase classname="selenium_module_3.Assignment1" name="login" time="7.017"/>
  <system-out/>
</testsuite> <!-- selenium_module_3.Assignment1 -->
