<?xml version="1.0" encoding="UTF-8"?>
<!-- Generated by org.testng.reporters.JUnitReportReporter -->
<testsuite hostname="DESKTOP-GE4QGGA" failures="0" tests="3" name="testcases.Login_TestNG" time="14.951" errors="0" timestamp="2024-06-22T18:33:47 IST" skipped="1">
  <testcase classname="testcases.Login_TestNG" name="LaunchBrowser" time="3.652"/>
  <testcase classname="testcases.Login_TestNG" name="Login_PF" time="11.299"/>
  <testcase classname="testcases.Login_TestNG" name="Login">
    <skipped/>
  </testcase> <!-- Login -->
</testsuite> <!-- testcases.Login_TestNG -->
