<?xml version="1.0" encoding="UTF-8"?>
<!-- Generated by org.testng.reporters.JUnitReportReporter -->
<testsuite hostname="DESKTOP-GE4QGGA" failures="0" tests="8" name="selenium_TestNG.TestNG1" time="0.060" errors="0" timestamp="2024-06-19T21:45:48 IST" skipped="1">
  <testcase classname="selenium_TestNG.TestNG1" name="atest4" time="0.035"/>
  <system-out/>
  <testcase classname="selenium_TestNG.TestNG1" name="test" time="0.005"/>
  <system-out/>
  <testcase classname="selenium_TestNG.TestNG1" name="test" time="0.003"/>
  <system-out/>
  <testcase classname="selenium_TestNG.TestNG1" name="test" time="0.002"/>
  <system-out/>
  <testcase classname="selenium_TestNG.TestNG1" name="test" time="0.011"/>
  <system-out/>
  <testcase classname="selenium_TestNG.TestNG1" name="test2" time="0.001"/>
  <system-out/>
  <testcase classname="selenium_TestNG.TestNG1" name="test2" time="0.003"/>
  <system-out/>
  <testcase classname="selenium_TestNG.TestNG1" name="test3">
    <skipped/>
  </testcase> <!-- test3 -->
  <system-out/>
</testsuite> <!-- selenium_TestNG.TestNG1 -->
