<?xml version="1.0" encoding="UTF-8"?>
<!-- Generated by org.testng.reporters.JUnitReportReporter -->
<testsuite hostname="DESKTOP-GE4QGGA" failures="0" tests="2" name="selenium_TestNG.TestNG_Annotations3" time="0.030" errors="0" timestamp="2024-06-19T22:13:15 IST" skipped="0">
  <testcase classname="selenium_TestNG.TestNG_Annotations3" name="signup" time="0.027"/>
  <system-out/>
  <testcase classname="selenium_TestNG.TestNG_Annotations3" name="login" time="0.003"/>
  <system-out/>
</testsuite> <!-- selenium_TestNG.TestNG_Annotations3 -->
