<?xml version="1.0" encoding="UTF-8"?>
<!-- Generated by org.testng.reporters.JUnitReportReporter -->
<testsuite hostname="DESKTOP-GE4QGGA" failures="0" tests="1" name="selenium_TestNG.TestNG_Annotations" time="0.010" errors="0" timestamp="2024-06-19T21:45:48 IST" skipped="0">
  <testcase classname="selenium_TestNG.TestNG_Annotations" name="Test" time="0.010"/>
  <system-out/>
</testsuite> <!-- selenium_TestNG.TestNG_Annotations -->
