<?xml version="1.0" encoding="UTF-8"?>
<!-- Generated by org.testng.reporters.JUnitReportReporter -->
<testsuite hostname="DESKTOP-GE4QGGA" failures="0" tests="2" name="selenium_TestNG.TestNG_Annotation1" time="13.974" errors="0" timestamp="2024-06-19T21:45:48 IST" skipped="0">
  <testcase classname="selenium_TestNG.TestNG_Annotation1" name="EnterURL2" time="9.702"/>
  <system-out/>
  <testcase classname="selenium_TestNG.TestNG_Annotation1" name="EnterURL" time="4.272"/>
  <system-out/>
</testsuite> <!-- selenium_TestNG.TestNG_Annotation1 -->
